<?xml version="1.0" encoding="UTF-8"?>
<!-- Generated by org.testng.reporters.JUnitXMLReporter -->
<testsuite ignored="2" hostname="HMECL000563" failures="0" tests="2" name="Test1" time="0.084" errors="0" timestamp="04 Dec 2018 06:52:10 GMT">
  <testcase classname="test.TestNGGroupsDemo" name="test1" time="0.015"/>
  <testcase classname="test.TestNGGroupsDemo" name="test2" time="0.005"/>
  <testcase classname="test.TestNGGroupsDemo" name="test3" time="0.0">
    <ignored/>
  </testcase> <!-- test3 -->
  <testcase classname="test.TestNGGroupsDemo" name="test4" time="0.0">
    <ignored/>
  </testcase> <!-- test4 -->
</testsuite> <!-- Test1 -->
